V "4.11.2.0"
R
C 3
= 0xf5ecb8
R
P 0xf5ecb8
S "model"
S "true"
C 5
R
P 0xf5ecb8
S "proof"
S "false"
C 5
R
P 0xf5ecb8
C 7
= 0xf5ed48
R
P 0xf5ecb8
C 4
R
P 0xf5ed48
U 2
C 375
R
P 0xf5ed48
C 391
R
P 0xf5ed48
C 14
R
P 0xf5ed48
C 391
R
P 0xf5ed48
I 42
C 31
R
P 0xf5ed48
C 391
R
P 0xf5ed48
S "mySymbol"
C 32
R
P 0xf5ed48
C 391
R
P 0xf5ed48
C 34
= 0xf68e58
R
P 0xf5ed48
C 391
R
P 0xf5ed48
P 0xf68e58
C 9
R
P 0xf5ed48
C 35
= 0xf68f18
R
P 0xf5ed48
C 391
R
P 0xf5ed48
P 0xf68f18
C 9
R
P 0xf5ed48
C 36
= 0xf68ef8
R
P 0xf5ed48
C 391
R
P 0xf5ed48
P 0xf68ef8
C 9
R
P 0xf5ed48
C 35
= 0xf68f18
R
P 0xf5ed48
C 391
R
P 0xf5ed48
P 0xf68f18
C 9
R
P 0xf5ed48
S "8000000000"
P 0xf68f18
C 156
= 0xf697b8
R
P 0xf5ed48
C 391
R
P 0xf5ed48
P 0xf697b8
C 9
R
P 0xf5ed48
# 42
C 241
R
P 0xf5ed48
C 391
R
P 0xf5ed48
# 42
C 242
R
P 0xf5ed48
C 391
R
P 0xf5ed48
$ |mySymbol|
C 241
R
P 0xf5ed48
C 391
R
P 0xf5ed48
$ |mySymbol|
C 243
R
P 0xf5ed48
C 391
R
P 0xf5ed48
P 0xf68e58
C 376
R
P 0xf5ed48
C 391
R
P 0xf5ed48
P 0xf68f18
C 376
R
P 0xf5ed48
C 391
R
P 0xf5ed48
P 0xf68ef8
C 376
R
P 0xf5ed48
C 391
R
P 0xf5ed48
P 0xf697b8
C 376
R
P 0xf5ed48
C 391
R
P 0xf5ed48
S "f"
C 32
R
P 0xf5ed48
C 391
R
P 0xf5ed48
S "x"
C 32
R
P 0xf5ed48
C 391
R
P 0xf5ed48
S "y"
C 32
R
P 0xf5ed48
C 391
R
P 0xf5ed48
C 34
= 0xf68e58
R
P 0xf5ed48
C 391
R
P 0xf5ed48
P 0xf68e58
C 9
R
P 0xf5ed48
$ |f|
U 2
P 0xf68e58
P 0xf68e58
p 2
P 0xf68e58
C 52
= 0xf6d558
R
P 0xf5ed48
C 391
R
P 0xf5ed48
P 0xf6d558
C 9
R
P 0xf5ed48
$ |y|
P 0xf68e58
C 54
= 0xf697d8
R
P 0xf5ed48
C 391
R
P 0xf5ed48
P 0xf697d8
C 9
R
P 0xf5ed48
$ |x|
P 0xf68e58
C 54
= 0xf697f8
R
P 0xf5ed48
C 391
R
P 0xf5ed48
P 0xf697f8
C 9
R
P 0xf5ed48
P 0xf6d558
U 2
P 0xf697f8
P 0xf697d8
p 2
C 53
= 0xf6f488
R
P 0xf5ed48
C 391
R
P 0xf5ed48
P 0xf6f488
C 9
R
P 0xf5ed48
S "cp"
P 0xf68e58
C 56
= 0xf69818
R
P 0xf5ed48
C 391
R
P 0xf5ed48
P 0xf69818
C 9
R
P 0xf5ed48
S "fp"
U 1
P 0xf68e58
p 1
P 0xf68e58
C 55
= 0xf6f4c0
R
P 0xf5ed48
C 391
R
P 0xf5ed48
P 0xf6f4c0
C 9
R
P 0xf5ed48
P 0xf6f4c0
U 1
P 0xf69818
p 1
C 53
= 0xf6b0b8
R
P 0xf5ed48
C 391
R
P 0xf5ed48
P 0xf6b0b8
C 9
R
P 0xf5ed48
P 0xf6f488
P 0xf6f488
C 61
= 0xf6f4f8
R
P 0xf5ed48
C 391
R
P 0xf5ed48
P 0xf6f4f8
C 9
R
P 0xf5ed48
P 0xf6f488
P 0xf6b0b8
C 61
= 0xf6f530
R
P 0xf5ed48
C 391
R
P 0xf5ed48
P 0xf6f530
C 9
R
P 0xf5ed48
I 1
I 0
I 0
C 400
= 0xf90658
R
P 0xf5ed48
C 391
R
P 0xf5ed48
P 0xf90658
C 401
R
P 0xf5ed48
P 0xf90658
P 0xf6f4f8
C 404
R
P 0xf5ed48
C 391
R
P 0xf5ed48
P 0xf90658
P 0xf6f530
C 404
R
P 0xf5ed48
C 391
R
P 0xf5ed48
P 0xf90658
C 415
R
P 0xf5ed48
C 391
R
P 0xf5ed48
C 461
= 0xf788b8
R
P 0xf5ed48
C 391
R
P 0xf5ed48
P 0xf788b8
C 470
R
P 0xf5ed48
P 0xf90658
C 408
R
P 0xf5ed48
C 391
R
P 0xf5ed48
P 0xf90658
U 0
C 409
= 0xf6f4f8
R
P 0xf5ed48
C 391
R
P 0xf5ed48
P 0xf6f4f8
C 9
R
P 0xf5ed48
P 0xf90658
U 1
C 409
= 0xf6f530
R
P 0xf5ed48
C 391
R
P 0xf5ed48
P 0xf6f530
C 9
R
P 0xf5ed48
P 0xf788b8
P 0xf6f4f8
C 477
R
P 0xf5ed48
C 391
R
P 0xf5ed48
P 0xf788b8
P 0xf6f530
C 477
R
P 0xf5ed48
C 391
R
P 0xf5ed48
P 0xf788b8
C 498
R
P 0xf5ed48
C 391
R
P 0xf5ed48
S "simplify"
C 417
= 0x1159328
R
P 0xf5ed48
C 391
R
P 0xf5ed48
P 0x1159328
C 418
R
P 0xf5ed48
P 0x1159328
P 0xf90658
C 454
= 0x10343d8
R
P 0xf5ed48
C 391
R
P 0xf5ed48
P 0x10343d8
C 456
R
P 0xf5ed48
P 0x10343d8
C 459
R
P 0xf5ed48
C 391
R
P 0xf5ed48
P 0x10343d8
U 0
C 460
= 0x11681d8
R
P 0xf5ed48
C 391
R
P 0xf5ed48
P 0x11681d8
C 401
R
P 0xf5ed48
P 0x11681d8
C 411
R
P 0xf5ed48
C 391
R
P 0xf5ed48
P 0x10343d8
U 0
C 460
= 0x1092f08
R
P 0xf5ed48
C 391
R
P 0xf5ed48
P 0x1092f08
C 401
R
P 0xf5ed48
P 0x1092f08
C 412
R
P 0xf5ed48
C 391
R
P 0xf5ed48
S "smt"
C 417
= 0xf90548
R
P 0xf5ed48
C 391
R
P 0xf5ed48
P 0xf90548
C 418
R
P 0xf5ed48
P 0xf90548
P 0xf90658
C 454
= 0xf9b398
R
P 0xf5ed48
C 391
R
P 0xf5ed48
P 0xf9b398
C 456
R
P 0xf5ed48
P 0xf9b398
C 459
R
P 0xf5ed48
C 391
R
P 0xf5ed48
P 0xf9b398
U 0
C 460
= 0xfc7c98
R
P 0xf5ed48
C 391
R
P 0xf5ed48
P 0xfc7c98
C 401
R
P 0xf5ed48
P 0xfc7c98
C 411
R
P 0xf5ed48
C 391
R
P 0xf5ed48
U 32
C 37
= 0xf69358
R
P 0xf5ed48
C 391
R
P 0xf5ed48
P 0xf69358
C 9
R
P 0xf5ed48
I 2
P 0xf69358
C 158
= 0xf69a58
R
P 0xf5ed48
C 391
R
P 0xf5ed48
P 0xf69a58
C 9
R
P 0xf5ed48
U 32
C 37
= 0xf69358
R
P 0xf5ed48
C 391
R
P 0xf5ed48
P 0xf69358
C 9
R
P 0xf5ed48
I 1
P 0xf69358
C 158
= 0xf69ab8
R
P 0xf5ed48
C 391
R
P 0xf5ed48
P 0xf69ab8
C 9
R
P 0xf5ed48
P 0xf69ab8
P 0xf69a58
C 61
= 0xf6f5a0
R
P 0xf5ed48
C 391
R
P 0xf5ed48
P 0xf6f5a0
C 9
R
P 0xf5ed48
P 0xf90658
P 0xf6f5a0
C 404
R
P 0xf5ed48
C 391
R
P 0xf5ed48
S "smt"
C 417
= 0xfc7cc8
R
P 0xf5ed48
C 391
R
P 0xf5ed48
P 0xfc7cc8
C 418
R
P 0xf5ed48
P 0xfc7cc8
P 0xf90658
C 454
= 0x1274958
R
P 0xf5ed48
C 391
R
P 0xf5ed48
P 0x1274958
C 456
R
P 0xf5ed48
P 0x1274958
C 459
R
P 0xf5ed48
C 391
R
P 0xf5ed48
P 0x1274958
U 0
C 460
= 0x10929c8
R
P 0xf5ed48
C 391
R
P 0xf5ed48
P 0x10929c8
C 401
R
P 0xf5ed48
P 0x10929c8
C 412
R
P 0xf5ed48
C 391
R
P 0xf5ed48
I 1
I 1
I 0
C 400
= 0x127cca8
R
P 0xf5ed48
C 391
R
P 0xf5ed48
P 0x127cca8
C 401
R
P 0xf5ed48
S "smt"
C 417
= 0x127cb98
R
P 0xf5ed48
C 391
R
P 0xf5ed48
P 0x127cb98
C 418
R
P 0xf5ed48
P 0x127cb98
P 0x127cca8
C 454
= 0x127d7c8
R
P 0xf5ed48
C 391
R
P 0xf5ed48
P 0x127d7c8
C 456
R
P 0xf5ed48
P 0x127d7c8
C 459
R
P 0xf5ed48
C 391
R
P 0xf5ed48
P 0x127d7c8
U 0
C 460
= 0xfc2a78
R
P 0xf5ed48
C 391
R
P 0xf5ed48
P 0xfc2a78
C 401
R
P 0xf5ed48
P 0xfc2a78
C 411
R
P 0xf5ed48
C 391
R
P 0xf5ed48
I 1
I 1
I 0
C 400
= 0xfc2aa8
R
P 0xf5ed48
C 391
R
P 0xf5ed48
P 0xfc2aa8
C 401
R
P 0xf5ed48
C 60
= 0xf68ed8
R
P 0xf5ed48
C 391
R
P 0xf5ed48
P 0xf68ed8
C 9
R
P 0xf5ed48
P 0xfc2aa8
P 0xf68ed8
C 404
R
P 0xf5ed48
C 391
R
P 0xf5ed48
S "smt"
C 417
= 0xfef008
R
P 0xf5ed48
C 391
R
P 0xf5ed48
P 0xfef008
C 418
R
P 0xf5ed48
P 0xfef008
P 0xfc2aa8
C 454
= 0x12784b8
R
P 0xf5ed48
C 391
R
P 0xf5ed48
P 0x12784b8
C 456
R
P 0xf5ed48
P 0x12784b8
C 459
R
P 0xf5ed48
C 391
R
P 0xf5ed48
P 0x12784b8
U 0
C 460
= 0x1235118
R
P 0xf5ed48
C 391
R
P 0xf5ed48
P 0x1235118
C 401
R
P 0xf5ed48
P 0x1235118
C 412
R
P 0xf5ed48
C 391
R
P 0xf5ed48
I 1
I 1
I 0
C 400
= 0x1235058
R
P 0xf5ed48
C 391
R
P 0xf5ed48
P 0x1235058
C 401
R
P 0xf5ed48
C 35
= 0xf68f18
R
P 0xf5ed48
C 391
R
P 0xf5ed48
P 0xf68f18
C 9
R
P 0xf5ed48
S "x"
C 32
R
P 0xf5ed48
C 391
R
P 0xf5ed48
$ |x|
P 0xf68f18
C 54
= 0xf69ad8
R
P 0xf5ed48
C 391
R
P 0xf5ed48
P 0xf69ad8
C 9
R
P 0xf5ed48
C 35
= 0xf68f18
R
P 0xf5ed48
C 391
R
P 0xf5ed48
P 0xf68f18
C 9
R
P 0xf5ed48
S "y"
C 32
R
P 0xf5ed48
C 391
R
P 0xf5ed48
$ |y|
P 0xf68f18
C 54
= 0xf69af8
R
P 0xf5ed48
C 391
R
P 0xf5ed48
P 0xf69af8
C 9
R
P 0xf5ed48
C 35
= 0xf68f18
R
P 0xf5ed48
C 391
R
P 0xf5ed48
P 0xf68f18
C 9
R
P 0xf5ed48
I 1
P 0xf68f18
C 158
= 0xf69b18
R
P 0xf5ed48
C 391
R
P 0xf5ed48
P 0xf69b18
C 9
R
P 0xf5ed48
P 0xf69ad8
P 0xf69b18
C 61
= 0xf6f5d8
R
P 0xf5ed48
C 391
R
P 0xf5ed48
P 0xf6f5d8
C 9
R
P 0xf5ed48
P 0x1235058
P 0xf6f5d8
C 404
R
P 0xf5ed48
C 391
R
P 0xf5ed48
C 35
= 0xf68f18
R
P 0xf5ed48
C 391
R
P 0xf5ed48
P 0xf68f18
C 9
R
P 0xf5ed48
I 2
P 0xf68f18
C 158
= 0xf69b38
R
P 0xf5ed48
C 391
R
P 0xf5ed48
P 0xf69b38
C 9
R
P 0xf5ed48
P 0xf69af8
P 0xf69b38
C 61
= 0xf6f610
R
P 0xf5ed48
C 391
R
P 0xf5ed48
P 0xf6f610
C 9
R
P 0xf5ed48
P 0x1235058
P 0xf6f610
C 404
R
P 0xf5ed48
C 391
R
P 0xf5ed48
P 0xf69ad8
P 0xf69af8
C 61
= 0xf6f648
R
P 0xf5ed48
C 391
R
P 0xf5ed48
P 0xf6f648
C 9
R
P 0xf5ed48
P 0x1235058
P 0xf6f648
C 404
R
P 0xf5ed48
C 391
R
P 0xf5ed48
S "smt"
C 417
= 0x1282778
R
P 0xf5ed48
C 391
R
P 0xf5ed48
P 0x1282778
C 418
R
P 0xf5ed48
P 0x1282778
P 0x1235058
C 454
= 0x1278308
R
P 0xf5ed48
C 391
R
P 0xf5ed48
P 0x1278308
C 456
R
P 0xf5ed48
P 0x1278308
C 459
R
P 0xf5ed48
C 391
R
P 0xf5ed48
P 0x1278308
U 0
C 460
= 0x1273868
R
P 0xf5ed48
C 391
R
P 0xf5ed48
P 0x1273868
C 401
R
P 0xf5ed48
P 0x1273868
C 412
R
P 0xf5ed48
C 391
R
P 0xf5ed48
C 36
= 0xf68ef8
R
P 0xf5ed48
C 391
R
P 0xf5ed48
P 0xf68ef8
C 9
R
P 0xf5ed48
S "x"
C 32
R
P 0xf5ed48
C 391
R
P 0xf5ed48
$ |x|
P 0xf68ef8
C 54
= 0xf69bd8
R
P 0xf5ed48
C 391
R
P 0xf5ed48
P 0xf69bd8
C 9
R
P 0xf5ed48
C 36
= 0xf68ef8
R
P 0xf5ed48
C 391
R
P 0xf5ed48
P 0xf68ef8
C 9
R
P 0xf5ed48
S "y"
C 32
R
P 0xf5ed48
C 391
R
P 0xf5ed48
$ |y|
P 0xf68ef8
C 54
= 0xf69bf8
R
P 0xf5ed48
C 391
R
P 0xf5ed48
P 0xf69bf8
C 9
R
P 0xf5ed48
I 1
I 0
I 0
C 400
= 0x1228788
R
P 0xf5ed48
C 391
R
P 0xf5ed48
P 0x1228788
C 401
R
P 0xf5ed48
I 10
I 1
C 157
= 0xf69c18
R
P 0xf5ed48
C 391
R
P 0xf5ed48
P 0xf69c18
C 9
R
P 0xf5ed48
P 0xf69bd8
P 0xf69c18
C 80
= 0xf6f680
R
P 0xf5ed48
C 391
R
P 0xf5ed48
P 0xf6f680
C 9
R
P 0xf5ed48
P 0x1228788
P 0xf6f680
C 404
R
P 0xf5ed48
C 391
R
P 0xf5ed48
I 1
I 1
C 157
= 0xf69c38
R
P 0xf5ed48
C 391
R
P 0xf5ed48
P 0xf69c38
C 9
R
P 0xf5ed48
U 2
P 0xf69bd8
P 0xf69c38
p 2
C 70
= 0xf6f6b8
R
P 0xf5ed48
C 391
R
P 0xf5ed48
P 0xf6f6b8
C 9
R
P 0xf5ed48
P 0xf69bf8
P 0xf6f6b8
C 61
= 0xf6f6f0
R
P 0xf5ed48
C 391
R
P 0xf5ed48
P 0xf6f6f0
C 9
R
P 0xf5ed48
P 0x1228788
P 0xf6f6f0
C 404
R
P 0xf5ed48
C 391
R
P 0xf5ed48
I 1
I 1
C 157
= 0xf69c38
R
P 0xf5ed48
C 391
R
P 0xf5ed48
P 0xf69c38
C 9
R
P 0xf5ed48
P 0xf69bf8
P 0xf69c38
C 80
= 0xf6f728
R
P 0xf5ed48
C 391
R
P 0xf5ed48
P 0xf6f728
C 9
R
P 0xf5ed48
P 0x1228788
P 0xf6f728
C 404
R
P 0xf5ed48
C 391
R
P 0xf5ed48
S "simplify"
C 417
= 0xfef038
R
P 0xf5ed48
C 391
R
P 0xf5ed48
P 0xfef038
C 418
R
P 0xf5ed48
P 0xfef038
P 0x1228788
C 454
= 0x1237c08
R
P 0xf5ed48
C 391
R
P 0xf5ed48
P 0x1237c08
C 456
R
P 0xf5ed48
P 0x1237c08
C 459
R
P 0xf5ed48
C 391
R
P 0xf5ed48
P 0x1237c08
U 0
C 460
= 0x1079ab8
R
P 0xf5ed48
C 391
R
P 0xf5ed48
P 0x1079ab8
C 401
R
P 0xf5ed48
P 0x1079ab8
C 411
R
P 0xf5ed48
C 391
R
P 0xf5ed48
P 0x1237c08
U 0
C 460
= 0xfa7af8
R
P 0xf5ed48
C 391
R
P 0xf5ed48
P 0xfa7af8
C 401
R
P 0xf5ed48
P 0xfa7af8
C 412
R
P 0xf5ed48
C 391
R
P 0xf5ed48
S "solve-eqs"
C 417
= 0x1228648
R
P 0xf5ed48
C 391
R
P 0xf5ed48
P 0x1228648
C 418
R
P 0xf5ed48
S "simplify"
C 417
= 0x127b778
R
P 0xf5ed48
C 391
R
P 0xf5ed48
P 0x127b778
C 418
R
P 0xf5ed48
P 0x127b778
P 0x1228648
C 423
= 0x11574c8
R
P 0xf5ed48
C 391
R
P 0xf5ed48
P 0x11574c8
C 418
R
P 0xf5ed48
P 0x11574c8
P 0x1228788
C 454
= 0x1281b58
R
P 0xf5ed48
C 391
R
P 0xf5ed48
P 0x1281b58
C 456
R
P 0xf5ed48
P 0x1281b58
C 459
R
P 0xf5ed48
C 391
R
P 0xf5ed48
P 0x1281b58
U 0
C 460
= 0x1090bf8
R
P 0xf5ed48
C 391
R
P 0xf5ed48
P 0x1090bf8
C 401
R
P 0xf5ed48
P 0x1090bf8
C 411
R
P 0xf5ed48
C 391
R
P 0xf5ed48
P 0x1281b58
U 0
C 460
= 0x127f0f8
R
P 0xf5ed48
C 391
R
P 0xf5ed48
P 0x127f0f8
C 401
R
P 0xf5ed48
P 0x127f0f8
C 412
R
P 0xf5ed48
C 391
R
P 0xf5ed48
C 461
= 0x108ff08
R
P 0xf5ed48
C 391
R
P 0xf5ed48
P 0x108ff08
C 470
R
P 0xf5ed48
P 0x1281b58
U 0
C 460
= 0x1090bc8
R
P 0xf5ed48
C 391
R
P 0xf5ed48
P 0x1090bc8
C 401
R
P 0xf5ed48
P 0x1090bc8
C 408
R
P 0xf5ed48
C 391
R
P 0xf5ed48
P 0x1090bc8
U 0
C 409
= 0xf6b358
R
P 0xf5ed48
C 391
R
P 0xf5ed48
P 0xf6b358
C 9
R
P 0xf5ed48
P 0x1090bc8
U 1
C 409
= 0xf6b3e8
R
P 0xf5ed48
C 391
R
P 0xf5ed48
P 0xf6b3e8
C 9
R
P 0xf5ed48
P 0x108ff08
P 0xf6b358
C 477
R
P 0xf5ed48
C 391
R
P 0xf5ed48
P 0x108ff08
P 0xf6b3e8
C 477
R
P 0xf5ed48
C 391
R
P 0xf5ed48
P 0x108ff08
C 498
R
P 0xf5ed48
C 391
R
P 0xf5ed48
P 0x108ff08
C 503
= 0x13c2618
R
P 0xf5ed48
C 391
R
P 0xf5ed48
P 0x13c2618
C 343
R
P 0xf5ed48
P 0x13c2618
C 380
R
P 0xf5ed48
C 391
R
P 0xf5ed48
I 42
I 43
C 157
= 0xf69cd8
R
P 0xf5ed48
C 391
R
P 0xf5ed48
P 0xf69cd8
C 9
R
P 0xf5ed48
P 0xf69cd8
C 307
= 0xf69cf8
R
P 0xf5ed48
C 391
R
P 0xf5ed48
P 0xf69cf8
C 9
R
P 0xf5ed48
P 0xf69cd8
C 308
= 0xf69d18
R
P 0xf5ed48
C 391
R
P 0xf5ed48
P 0xf69d18
C 9
R
P 0xf5ed48
P 0xf69d18
C 303
R
P 0xf5ed48
C 391
R
P 0xf5ed48
P 0xf69cf8
C 303
R
P 0xf5ed48
C 391
R
P 0xf5ed48
P 0xf69cf8
C 303
R
P 0xf5ed48
C 391
R
P 0xf5ed48
P 0xf69d18
C 303
R
P 0xf5ed48
C 391
R
P 0xf5ed48
P 0xf69cd8
U 3
C 305
R
P 0xf5ed48
C 391
R
P 0xf5ed48
C 36
= 0xf68ef8
R
P 0xf5ed48
C 391
R
P 0xf5ed48
P 0xf68ef8
C 9
R
P 0xf5ed48
S "-1231231232/234234333"
P 0xf68ef8
C 156
= 0xf69d38
R
P 0xf5ed48
C 391
R
P 0xf5ed48
P 0xf69d38
C 9
R
P 0xf5ed48
P 0xf69d38
U 5
C 305
R
P 0xf5ed48
C 391
R
P 0xf5ed48
C 36
= 0xf68ef8
R
P 0xf5ed48
C 391
R
P 0xf5ed48
P 0xf68ef8
C 9
R
P 0xf5ed48
S "-123123234234234234231232/234234333"
P 0xf68ef8
C 156
= 0xf69d58
R
P 0xf5ed48
C 391
R
P 0xf5ed48
P 0xf69d58
C 9
R
P 0xf5ed48
P 0xf69d58
U 5
C 305
R
P 0xf5ed48
C 391
R
P 0xf5ed48
C 36
= 0xf68ef8
R
P 0xf5ed48
C 391
R
P 0xf5ed48
P 0xf68ef8
C 9
R
P 0xf5ed48
S "-234234333"
P 0xf68ef8
C 156
= 0xf69d78
R
P 0xf5ed48
C 391
R
P 0xf5ed48
P 0xf69d78
C 9
R
P 0xf5ed48
P 0xf69d78
U 5
C 305
R
P 0xf5ed48
C 391
R
P 0xf5ed48
C 36
= 0xf68ef8
R
P 0xf5ed48
C 391
R
P 0xf5ed48
P 0xf68ef8
C 9
R
P 0xf5ed48
S "234234333/2"
P 0xf68ef8
C 156
= 0xf69d98
R
P 0xf5ed48
C 391
R
P 0xf5ed48
P 0xf69d98
C 9
R
P 0xf5ed48
P 0xf69d98
U 5
C 305
R
P 0xf5ed48
C 391
R
P 0xf5ed48
C 35
= 0xf68f18
R
P 0xf5ed48
C 391
R
P 0xf5ed48
P 0xf68f18
C 9
R
P 0xf5ed48
S "1/2"
P 0xf68f18
C 156
R
P 0xf5ed48
C 391
R
P 0xf5ed48
U 12
C 393
R
P 0xf5ed48
C 35
= 0xf68f18
R
P 0xf5ed48
C 391
R
P 0xf5ed48
P 0xf68f18
C 9
R
P 0xf5ed48
S "x_2"
C 32
R
P 0xf5ed48
C 391
R
P 0xf5ed48
S "x_1"
C 32
R
P 0xf5ed48
C 391
R
P 0xf5ed48
S "x_0"
C 32
R
P 0xf5ed48
C 391
R
P 0xf5ed48
U 2
P 0xf68f18
C 230
= 0xf69db8
R
P 0xf5ed48
C 391
R
P 0xf5ed48
P 0xf69db8
C 9
R
P 0xf5ed48
U 2
P 0xf68f18
C 230
= 0xf69db8
R
P 0xf5ed48
C 391
R
P 0xf5ed48
P 0xf69db8
C 9
R
P 0xf5ed48
U 2
P 0xf68f18
C 230
= 0xf69db8
R
P 0xf5ed48
C 391
R
P 0xf5ed48
P 0xf69db8
C 9
R
P 0xf5ed48
C 35
= 0xf68f18
R
P 0xf5ed48
C 391
R
P 0xf5ed48
P 0xf68f18
C 9
R
P 0xf5ed48
$ |x_2|
P 0xf68f18
C 54
= 0xf69dd8
R
P 0xf5ed48
C 391
R
P 0xf5ed48
P 0xf69dd8
C 9
R
P 0xf5ed48
C 35
= 0xf68f18
R
P 0xf5ed48
C 391
R
P 0xf5ed48
P 0xf68f18
C 9
R
P 0xf5ed48
$ |x_1|
P 0xf68f18
C 54
= 0xf69df8
R
P 0xf5ed48
C 391
R
P 0xf5ed48
P 0xf69df8
C 9
R
P 0xf5ed48
C 35
= 0xf68f18
R
P 0xf5ed48
C 391
R
P 0xf5ed48
P 0xf68f18
C 9
R
P 0xf5ed48
$ |x_0|
P 0xf68f18
C 54
= 0xf69e18
R
P 0xf5ed48
C 391
R
P 0xf5ed48
P 0xf69e18
C 9
R
P 0xf5ed48
C 35
= 0xf68f18
R
P 0xf5ed48
C 391
R
P 0xf5ed48
P 0xf68f18
C 9
R
P 0xf5ed48
I 3
P 0xf68f18
C 158
= 0xf69e38
R
P 0xf5ed48
C 391
R
P 0xf5ed48
P 0xf69e38
C 9
R
P 0xf5ed48
U 2
P 0xf69db8
P 0xf69e38
p 2
C 70
= 0xf6f878
R
P 0xf5ed48
C 391
R
P 0xf5ed48
P 0xf6f878
C 9
R
P 0xf5ed48
C 35
= 0xf68f18
R
P 0xf5ed48
C 391
R
P 0xf5ed48
P 0xf68f18
C 9
R
P 0xf5ed48
I 2
P 0xf68f18
C 158
= 0xf69b38
R
P 0xf5ed48
C 391
R
P 0xf5ed48
P 0xf69b38
C 9
R
P 0xf5ed48
U 2
P 0xf69db8
P 0xf69b38
p 2
C 70
= 0xf6f8b0
R
P 0xf5ed48
C 391
R
P 0xf5ed48
P 0xf6f8b0
C 9
R
P 0xf5ed48
P 0xf6f8b0
P 0xf6f878
C 61
= 0xf6f8e8
R
P 0xf5ed48
C 391
R
P 0xf5ed48
P 0xf6f8e8
C 9
R
P 0xf5ed48
C 35
= 0xf68f18
R
P 0xf5ed48
C 391
R
P 0xf5ed48
P 0xf68f18
C 9
R
P 0xf5ed48
I 2
P 0xf68f18
C 158
= 0xf69b38
R
P 0xf5ed48
C 391
R
P 0xf5ed48
P 0xf69b38
C 9
R
P 0xf5ed48
C 35
= 0xf68f18
R
P 0xf5ed48
C 391
R
P 0xf5ed48
P 0xf68f18
C 9
R
P 0xf5ed48
I 1
P 0xf68f18
C 158
= 0xf69b18
R
P 0xf5ed48
C 391
R
P 0xf5ed48
P 0xf69b18
C 9
R
P 0xf5ed48
U 2
P 0xf69db8
P 0xf69b18
p 2
C 70
= 0xf6f920
R
P 0xf5ed48
C 391
R
P 0xf5ed48
P 0xf6f920
C 9
R
P 0xf5ed48
P 0xf6f920
P 0xf69b38
C 61
= 0xf6f958
R
P 0xf5ed48
C 391
R
P 0xf5ed48
P 0xf6f958
C 9
R
P 0xf5ed48
U 2
P 0xf6f958
P 0xf6f8e8
p 2
C 68
= 0xf6f990
R
P 0xf5ed48
C 391
R
P 0xf5ed48
P 0xf6f990
C 9
R
P 0xf5ed48
C 35
= 0xf68f18
R
P 0xf5ed48
C 391
R
P 0xf5ed48
P 0xf68f18
C 9
R
P 0xf5ed48
I 3
P 0xf68f18
C 158
= 0xf69e38
R
P 0xf5ed48
C 391
R
P 0xf5ed48
P 0xf69e38
C 9
R
P 0xf5ed48
U 2
P 0xf69dd8
P 0xf69e38
p 2
C 70
= 0xf6f9c8
R
P 0xf5ed48
C 391
R
P 0xf5ed48
P 0xf6f9c8
C 9
R
P 0xf5ed48
C 35
= 0xf68f18
R
P 0xf5ed48
C 391
R
P 0xf5ed48
P 0xf68f18
C 9
R
P 0xf5ed48
I 2
P 0xf68f18
C 158
= 0xf69b38
R
P 0xf5ed48
C 391
R
P 0xf5ed48
P 0xf69b38
C 9
R
P 0xf5ed48
U 2
P 0xf69df8
P 0xf69b38
p 2
C 70
= 0xf6fa00
R
P 0xf5ed48
C 391
R
P 0xf5ed48
P 0xf6fa00
C 9
R
P 0xf5ed48
P 0xf6fa00
P 0xf6f9c8
C 61
= 0xf6fa38
R
P 0xf5ed48
C 391
R
P 0xf5ed48
P 0xf6fa38
C 9
R
P 0xf5ed48
C 35
= 0xf68f18
R
P 0xf5ed48
C 391
R
P 0xf5ed48
P 0xf68f18
C 9
R
P 0xf5ed48
I 2
P 0xf68f18
C 158
= 0xf69b38
R
P 0xf5ed48
C 391
R
P 0xf5ed48
P 0xf69b38
C 9
R
P 0xf5ed48
C 35
= 0xf68f18
R
P 0xf5ed48
C 391
R
P 0xf5ed48
P 0xf68f18
C 9
R
P 0xf5ed48
I 1
P 0xf68f18
C 158
= 0xf69b18
R
P 0xf5ed48
C 391
R
P 0xf5ed48
P 0xf69b18
C 9
R
P 0xf5ed48
U 2
P 0xf69e18
P 0xf69b18
p 2
C 70
= 0xf6fa70
R
P 0xf5ed48
C 391
R
P 0xf5ed48
P 0xf6fa70
C 9
R
P 0xf5ed48
P 0xf6fa70
P 0xf69b38
C 61
= 0xf6faa8
R
P 0xf5ed48
C 391
R
P 0xf5ed48
P 0xf6faa8
C 9
R
P 0xf5ed48
U 2
P 0xf6faa8
P 0xf6fa38
p 2
C 68
= 0xf6fae0
R
P 0xf5ed48
C 391
R
P 0xf5ed48
P 0xf6fae0
C 9
R
P 0xf5ed48
S "skid1"
C 32
R
P 0xf5ed48
C 391
R
P 0xf5ed48
S "Q1"
C 32
R
P 0xf5ed48
C 391
R
P 0xf5ed48
I 1
U 1
$ |Q1|
$ |skid1|
U 0
p 0
U 0
p 0
U 3
P 0xf68f18
P 0xf68f18
P 0xf68f18
p 3
$ |x_0|
$ |x_1|
$ |x_2|
s 3
P 0xf6f990
C 234
= 0x1323c78
R
P 0xf5ed48
C 391
R
P 0xf5ed48
P 0x1323c78
C 9
R
P 0xf5ed48
P 0x1323c78
C 376
R
P 0xf5ed48
C 391
R
P 0xf5ed48
S "skid2"
C 32
R
P 0xf5ed48
C 391
R
P 0xf5ed48
S "Q2"
C 32
R
P 0xf5ed48
C 391
R
P 0xf5ed48
I 1
U 1
$ |Q2|
$ |skid2|
U 3
P 0xf69e18
P 0xf69df8
P 0xf69dd8
p 3
U 0
p 0
U 0
p 0
P 0xf6fae0
C 238
= 0x1323cf8
R
P 0xf5ed48
C 391
R
P 0xf5ed48
P 0x1323cf8
C 9
R
P 0xf5ed48
P 0x1323cf8
C 376
R
P 0xf5ed48
C 391
R
P 0xf5ed48
P 0x1323c78
C 297
R
P 0xf5ed48
C 391
R
P 0xf5ed48
P 0x1323c78
C 297
R
P 0xf5ed48
C 391
R
P 0xf5ed48
P 0x1323c78
C 297
R
P 0xf5ed48
C 391
R
P 0xf5ed48
U 11
U 53
C 649
= 0xf69e98
R
P 0xf5ed48
C 391
R
P 0xf5ed48
P 0xf69e98
C 9
R
P 0xf5ed48
C 638
= 0xf69eb8
R
P 0xf5ed48
C 391
R
P 0xf5ed48
P 0xf69eb8
C 9
R
P 0xf5ed48
S "rm"
C 32
R
P 0xf5ed48
C 391
R
P 0xf5ed48
$ |rm|
P 0xf69eb8
C 54
= 0xf69ed8
R
P 0xf5ed48
C 391
R
P 0xf5ed48
P 0xf69ed8
C 9
R
P 0xf5ed48
S "x"
C 32
R
P 0xf5ed48
C 391
R
P 0xf5ed48
S "y"
C 32
R
P 0xf5ed48
C 391
R
P 0xf5ed48
$ |x|
P 0xf69e98
C 54
= 0xf69ef8
R
P 0xf5ed48
C 391
R
P 0xf5ed48
P 0xf69ef8
C 9
R
P 0xf5ed48
$ |y|
P 0xf69e98
C 54
= 0xf69f18
R
P 0xf5ed48
C 391
R
P 0xf5ed48
P 0xf69f18
C 9
R
P 0xf5ed48
D 42
P 0xf69e98
C 663
= 0xf69f38
R
P 0xf5ed48
C 391
R
P 0xf5ed48
P 0xf69f38
C 9
R
P 0xf5ed48
S "x_plus_y"
C 32
R
P 0xf5ed48
C 391
R
P 0xf5ed48
$ |x_plus_y|
P 0xf69e98
C 54
= 0xf69f58
R
P 0xf5ed48
C 391
R
P 0xf5ed48
P 0xf69f58
C 9
R
P 0xf5ed48
P 0xf69ed8
P 0xf69ef8
P 0xf69f18
C 669
= 0xf6d698
R
P 0xf5ed48
C 391
R
P 0xf5ed48
P 0xf6d698
C 9
R
P 0xf5ed48
P 0xf69f58
P 0xf6d698
C 683
= 0xf6fbf8
R
P 0xf5ed48
C 391
R
P 0xf5ed48
P 0xf6fbf8
C 9
R
P 0xf5ed48
P 0xf69f58
P 0xf69f38
C 683
= 0xf6fc30
R
P 0xf5ed48
C 391
R
P 0xf5ed48
P 0xf6fc30
C 9
R
P 0xf5ed48
U 2
P 0xf6fbf8
P 0xf6fc30
p 2
C 68
= 0xf6fc68
R
P 0xf5ed48
C 391
R
P 0xf5ed48
P 0xf6fc68
C 9
R
P 0xf5ed48
C 648
= 0xf69f78
R
P 0xf5ed48
C 391
R
P 0xf5ed48
P 0xf69f78
C 9
R
P 0xf5ed48
P 0xf69ed8
P 0xf69f78
C 61
= 0xf6fca0
R
P 0xf5ed48
C 391
R
P 0xf5ed48
P 0xf6fca0
C 9
R
P 0xf5ed48
P 0xf6fca0
C 63
= 0xf6b778
R
P 0xf5ed48
C 391
R
P 0xf5ed48
P 0xf6b778
C 9
R
P 0xf5ed48
U 2
P 0xf6fc68
P 0xf6b778
p 2
C 68
= 0xf6fcd8
R
P 0xf5ed48
C 391
R
P 0xf5ed48
P 0xf6fcd8
C 9
R
P 0xf5ed48
P 0xf69f18
C 687
= 0xf6b7a8
R
P 0xf5ed48
C 391
R
P 0xf5ed48
P 0xf6b7a8
C 9
R
P 0xf5ed48
P 0xf6b7a8
C 63
= 0xf6b7d8
R
P 0xf5ed48
C 391
R
P 0xf5ed48
P 0xf6b7d8
C 9
R
P 0xf5ed48
P 0xf69f18
C 688
= 0xf6b808
R
P 0xf5ed48
C 391
R
P 0xf5ed48
P 0xf6b808
C 9
R
P 0xf5ed48
P 0xf6b808
C 63
= 0xf6b838
R
P 0xf5ed48
C 391
R
P 0xf5ed48
P 0xf6b838
C 9
R
P 0xf5ed48
P 0xf69f18
C 686
= 0xf6b868
R
P 0xf5ed48
C 391
R
P 0xf5ed48
P 0xf6b868
C 9
R
P 0xf5ed48
P 0xf6b868
C 63
= 0xf6b898
R
P 0xf5ed48
C 391
R
P 0xf5ed48
P 0xf6b898
C 9
R
P 0xf5ed48
U 3
P 0xf6b898
P 0xf6b838
P 0xf6b7d8
p 3
C 68
= 0xf6d758
R
P 0xf5ed48
C 391
R
P 0xf5ed48
P 0xf6d758
C 9
R
P 0xf5ed48
U 2
P 0xf6fcd8
P 0xf6d758
p 2
C 68
= 0xf6fdb8
R
P 0xf5ed48
C 391
R
P 0xf5ed48
P 0xf6fdb8
C 9
R
P 0xf5ed48
P 0xf6fdb8
C 376
R
P 0xf5ed48
C 391
R
P 0xf5ed48
C 461
= 0x124ff08
R
P 0xf5ed48
C 391
R
P 0xf5ed48
P 0x124ff08
C 470
R
P 0xf5ed48
P 0x124ff08
P 0xf6fdb8
C 477
R
P 0xf5ed48
C 391
R
P 0xf5ed48
P 0x124ff08
C 498
R
P 0xf5ed48
C 391
R
P 0xf5ed48
U 52
C 37
= 0xf695d8
R
P 0xf5ed48
C 391
R
P 0xf5ed48
P 0xf695d8
C 9
R
P 0xf5ed48
S "3377699720527872"
P 0xf695d8
C 156
= 0xf6a038
R
P 0xf5ed48
C 391
R
P 0xf5ed48
P 0xf6a038
C 9
R
P 0xf5ed48
U 11
C 37
= 0xf690b8
R
P 0xf5ed48
C 391
R
P 0xf5ed48
P 0xf690b8
C 9
R
P 0xf5ed48
S "1025"
P 0xf690b8
C 156
= 0xf6a098
R
P 0xf5ed48
C 391
R
P 0xf5ed48
P 0xf6a098
C 9
R
P 0xf5ed48
U 1
C 37
= 0xf68f78
R
P 0xf5ed48
C 391
R
P 0xf5ed48
P 0xf68f78
C 9
R
P 0xf5ed48
S "0"
P 0xf68f78
C 156
= 0xf69858
R
P 0xf5ed48
C 391
R
P 0xf5ed48
P 0xf69858
C 9
R
P 0xf5ed48
P 0xf69858
P 0xf6a098
P 0xf6a038
C 661
= 0x17afbf8
R
P 0xf5ed48
C 391
R
P 0xf5ed48
P 0x17afbf8
C 9
R
P 0xf5ed48
U 11
U 53
C 649
= 0xf69e98
R
P 0xf5ed48
C 391
R
P 0xf5ed48
P 0xf69e98
C 9
R
P 0xf5ed48
U 64
C 37
= 0xf69758
R
P 0xf5ed48
C 391
R
P 0xf5ed48
P 0xf69758
C 9
R
P 0xf5ed48
S "4619567317775286272"
P 0xf69758
C 156
= 0xf6a078
R
P 0xf5ed48
C 391
R
P 0xf5ed48
P 0xf6a078
C 9
R
P 0xf5ed48
P 0xf6a078
P 0xf69e98
C 691
= 0xf6bc58
R
P 0xf5ed48
C 391
R
P 0xf5ed48
P 0xf6bc58
C 9
R
P 0xf5ed48
U 11
U 53
C 649
= 0xf69e98
R
P 0xf5ed48
C 391
R
P 0xf5ed48
P 0xf69e98
C 9
R
P 0xf5ed48
C 36
= 0xf68ef8
R
P 0xf5ed48
C 391
R
P 0xf5ed48
P 0xf68ef8
C 9
R
P 0xf5ed48
S "1.75"
P 0xf68ef8
C 156
= 0xf6a1f8
R
P 0xf5ed48
C 391
R
P 0xf5ed48
P 0xf6a1f8
C 9
R
P 0xf5ed48
C 35
= 0xf68f18
R
P 0xf5ed48
C 391
R
P 0xf5ed48
P 0xf68f18
C 9
R
P 0xf5ed48
S "2"
P 0xf68f18
C 156
= 0xf69b38
R
P 0xf5ed48
C 391
R
P 0xf5ed48
P 0xf69b38
C 9
R
P 0xf5ed48
C 648
= 0xf69f78
R
P 0xf5ed48
C 391
R
P 0xf5ed48
P 0xf69f78
C 9
R
P 0xf5ed48
P 0xf69f78
P 0xf69b38
P 0xf6a1f8
P 0xf69e98
C 717
= 0xf6df18
R
P 0xf5ed48
C 391
R
P 0xf5ed48
P 0xf6df18
C 9
R
P 0xf5ed48
U 11
U 53
C 649
= 0xf69e98
R
P 0xf5ed48
C 391
R
P 0xf5ed48
P 0xf69e98
C 9
R
P 0xf5ed48
C 36
= 0xf68ef8
R
P 0xf5ed48
C 391
R
P 0xf5ed48
P 0xf68ef8
C 9
R
P 0xf5ed48
S "7.0"
P 0xf68ef8
C 156
= 0xf6a0d8
R
P 0xf5ed48
C 391
R
P 0xf5ed48
P 0xf6a0d8
C 9
R
P 0xf5ed48
C 648
= 0xf69f78
R
P 0xf5ed48
C 391
R
P 0xf5ed48
P 0xf69f78
C 9
R
P 0xf5ed48
P 0xf69f78
P 0xf6a0d8
P 0xf69e98
C 693
= 0xf6ff08
R
P 0xf5ed48
C 391
R
P 0xf5ed48
P 0xf6ff08
C 9
R
P 0xf5ed48
P 0x17afbf8
P 0xf6ff08
C 683
= 0xf70250
R
P 0xf5ed48
C 391
R
P 0xf5ed48
P 0xf70250
C 9
R
P 0xf5ed48
P 0x17afbf8
P 0xf6df18
C 683
= 0x17abec8
R
P 0xf5ed48
C 391
R
P 0xf5ed48
P 0x17abec8
C 9
R
P 0xf5ed48
P 0x17afbf8
P 0xf6bc58
C 683
= 0xf700c8
R
P 0xf5ed48
C 391
R
P 0xf5ed48
P 0xf700c8
C 9
R
P 0xf5ed48
U 3
P 0xf700c8
P 0x17abec8
P 0xf70250
p 3
C 68
= 0xf6de58
R
P 0xf5ed48
C 391
R
P 0xf5ed48
P 0xf6de58
C 9
R
P 0xf5ed48
P 0xf6de58
C 376
R
P 0xf5ed48
C 391
R
P 0xf5ed48
C 461
= 0x11b6168
R
P 0xf5ed48
C 391
R
P 0xf5ed48
P 0x11b6168
C 470
R
P 0xf5ed48
P 0x11b6168
P 0xf6de58
C 477
R
P 0xf5ed48
C 391
R
P 0xf5ed48
P 0x11b6168
C 498
R
P 0xf5ed48
C 391
R
P 0xf5ed48
P 0xf68f18
C 10
R
P 0xf5ed48
P 0xf68e58
C 10
R
P 0xf5ed48
P 0xf6d558
C 10
R
P 0xf5ed48
P 0xf697d8
C 10
R
P 0xf5ed48
P 0xf697f8
C 10
R
P 0xf5ed48
P 0xf6f488
C 10
R
P 0xf5ed48
P 0xf69818
C 10
R
P 0xf5ed48
P 0xf6f4c0
C 10
R
P 0xf5ed48
P 0xf6b0b8
C 10
R
P 0xf5ed48
P 0xf6f4f8
C 10
R
P 0xf5ed48
P 0xf6f530
C 10
R
P 0xf5ed48
P 0xf90658
C 402
R
P 0xf5ed48
P 0xf788b8
C 471
R
P 0xf5ed48
P 0xf6f4f8
C 10
R
P 0xf5ed48
P 0xf6f530
C 10
R
P 0xf5ed48
P 0x1159328
C 419
R
P 0xf5ed48
P 0x10343d8
C 457
R
P 0xf5ed48
P 0x11681d8
C 402
R
P 0xf5ed48
P 0x1092f08
C 402
R
P 0xf5ed48
P 0xf90548
C 419
R
P 0xf5ed48
P 0xf9b398
C 457
R
P 0xf5ed48
P 0xfc7c98
C 402
R
P 0xf5ed48
P 0xf69358
C 10
R
P 0xf5ed48
P 0xf69a58
C 10
R
P 0xf5ed48
P 0xf69358
C 10
R
P 0xf5ed48
P 0xf69ab8
C 10
R
P 0xf5ed48
P 0xf6f5a0
C 10
R
P 0xf5ed48
P 0xfc7cc8
C 419
R
P 0xf5ed48
P 0x1274958
C 457
R
P 0xf5ed48
P 0x10929c8
C 402
R
P 0xf5ed48
P 0x127cca8
C 402
R
P 0xf5ed48
P 0x127cb98
C 419
R
P 0xf5ed48
P 0x127d7c8
C 457
R
P 0xf5ed48
P 0xfc2a78
C 402
R
P 0xf5ed48
P 0xfc2aa8
C 402
R
P 0xf5ed48
P 0xf68ed8
C 10
R
P 0xf5ed48
P 0xfef008
C 419
R
P 0xf5ed48
P 0x12784b8
C 457
R
P 0xf5ed48
P 0x1235118
C 402
R
P 0xf5ed48
P 0x1235058
C 402
R
P 0xf5ed48
P 0xf68f18
C 10
R
P 0xf5ed48
P 0xf69ad8
C 10
R
P 0xf5ed48
P 0xf68f18
C 10
R
P 0xf5ed48
P 0xf69af8
C 10
R
P 0xf5ed48
P 0xf68f18
C 10
R
P 0xf5ed48
P 0xf69b18
C 10
R
P 0xf5ed48
P 0xf6f5d8
C 10
R
P 0xf5ed48
P 0xf68f18
C 10
R
P 0xf5ed48
P 0xf69b38
C 10
R
P 0xf5ed48
P 0xf6f610
C 10
R
P 0xf5ed48
P 0xf6f648
C 10
R
P 0xf5ed48
P 0x1282778
C 419
R
P 0xf5ed48
P 0x1278308
C 457
R
P 0xf5ed48
P 0x1273868
C 402
R
P 0xf5ed48
P 0xf68ef8
C 10
R
P 0xf5ed48
P 0xf69bd8
C 10
R
P 0xf5ed48
P 0xf68ef8
C 10
R
P 0xf5ed48
P 0xf69bf8
C 10
R
P 0xf5ed48
P 0x1228788
C 402
R
P 0xf5ed48
P 0xf69c18
C 10
R
P 0xf5ed48
P 0xf6f680
C 10
R
P 0xf5ed48
P 0xf69c38
C 10
R
P 0xf5ed48
P 0xf6f6b8
C 10
R
P 0xf5ed48
P 0xf6f6f0
C 10
R
P 0xf5ed48
P 0xf69c38
C 10
R
P 0xf5ed48
P 0xf6f728
C 10
R
P 0xf5ed48
P 0xfef038
C 419
R
P 0xf5ed48
P 0x1237c08
C 457
R
P 0xf5ed48
P 0x1079ab8
C 402
R
P 0xf5ed48
P 0xfa7af8
C 402
R
P 0xf5ed48
P 0x1228648
C 419
R
P 0xf5ed48
P 0x127b778
C 419
R
P 0xf5ed48
P 0x11574c8
C 419
R
P 0xf5ed48
P 0x1281b58
C 457
R
P 0xf5ed48
P 0x1090bf8
C 402
R
P 0xf5ed48
P 0x127f0f8
C 402
R
P 0xf5ed48
P 0x108ff08
C 471
R
P 0xf5ed48
P 0x1090bc8
C 402
R
P 0xf5ed48
P 0xf6b358
C 10
R
P 0xf5ed48
P 0xf6b3e8
C 10
R
P 0xf5ed48
P 0x13c2618
C 344
R
P 0xf5ed48
P 0xf69cd8
C 10
R
P 0xf5ed48
P 0xf69cf8
C 10
R
P 0xf5ed48
P 0xf69d18
C 10
R
P 0xf5ed48
P 0xf68ef8
C 10
R
P 0xf5ed48
P 0xf69d38
C 10
R
P 0xf5ed48
P 0xf68ef8
C 10
R
P 0xf5ed48
P 0xf69d58
C 10
R
P 0xf5ed48
P 0xf68ef8
C 10
R
P 0xf5ed48
P 0xf69d78
C 10
R
P 0xf5ed48
P 0xf68ef8
C 10
R
P 0xf5ed48
P 0xf69d98
C 10
R
P 0xf5ed48
P 0xf68f18
C 10
R
P 0xf5ed48
P 0xf68f18
C 10
R
P 0xf5ed48
P 0xf69db8
C 10
R
P 0xf5ed48
P 0xf69db8
C 10
R
P 0xf5ed48
P 0xf69db8
C 10
R
P 0xf5ed48
P 0xf68f18
C 10
R
P 0xf5ed48
P 0xf69dd8
C 10
R
P 0xf5ed48
P 0xf68f18
C 10
R
P 0xf5ed48
P 0xf69df8
C 10
R
P 0xf5ed48
P 0xf68f18
C 10
R
P 0xf5ed48
P 0xf69e18
C 10
R
P 0xf5ed48
P 0xf68f18
C 10
R
P 0xf5ed48
P 0xf69e38
C 10
R
P 0xf5ed48
P 0xf6f878
C 10
R
P 0xf5ed48
P 0xf68f18
C 10
R
P 0xf5ed48
P 0xf69b38
C 10
R
P 0xf5ed48
P 0xf6f8b0
C 10
R
P 0xf5ed48
P 0xf6f8e8
C 10
R
P 0xf5ed48
P 0xf68f18
C 10
R
P 0xf5ed48
P 0xf69b38
C 10
R
P 0xf5ed48
P 0xf68f18
C 10
R
P 0xf5ed48
P 0xf69b18
C 10
R
P 0xf5ed48
P 0xf6f920
C 10
R
P 0xf5ed48
P 0xf6f958
C 10
R
P 0xf5ed48
P 0xf6f990
C 10
R
P 0xf5ed48
P 0xf68f18
C 10
R
P 0xf5ed48
P 0xf69e38
C 10
R
P 0xf5ed48
P 0xf6f9c8
C 10
R
P 0xf5ed48
P 0xf68f18
C 10
R
P 0xf5ed48
P 0xf69b38
C 10
R
P 0xf5ed48
P 0xf6fa00
C 10
R
P 0xf5ed48
P 0xf6fa38
C 10
R
P 0xf5ed48
P 0xf68f18
C 10
R
P 0xf5ed48
P 0xf69b38
C 10
R
P 0xf5ed48
P 0xf68f18
C 10
R
P 0xf5ed48
P 0xf69b18
C 10
R
P 0xf5ed48
P 0xf6fa70
C 10
R
P 0xf5ed48
P 0xf6faa8
C 10
R
P 0xf5ed48
P 0xf6fae0
C 10
R
P 0xf5ed48
P 0x1323c78
C 10
R
P 0xf5ed48
P 0x1323cf8
C 10
R
P 0xf5ed48
P 0xf6d698
C 10
R
P 0xf5ed48
P 0xf69f78
C 10
R
P 0xf5ed48
P 0xf6fca0
C 10
R
P 0xf5ed48
P 0xf6b7a8
C 10
R
P 0xf5ed48
P 0xf6b808
C 10
R
P 0xf5ed48
P 0xf6b868
C 10
R
P 0xf5ed48
P 0x124ff08
C 471
R
P 0xf5ed48
P 0xf695d8
C 10
R
P 0xf5ed48
P 0xf6a038
C 10
R
P 0xf5ed48
P 0xf690b8
C 10
R
P 0xf5ed48
P 0xf6a098
C 10
R
P 0xf5ed48
P 0xf68f78
C 10
R
P 0xf5ed48
P 0xf69858
C 10
R
P 0xf5ed48
P 0xf69e98
C 10
R
P 0xf5ed48
P 0xf69758
C 10
R
P 0xf5ed48
P 0xf6a078
C 10
R
P 0xf5ed48
P 0xf69e98
C 10
R
P 0xf5ed48
P 0xf68ef8
C 10
R
P 0xf5ed48
P 0xf6a1f8
C 10
R
P 0xf5ed48
P 0xf68f18
C 10
R
P 0xf5ed48
P 0xf69b38
C 10
R
P 0xf5ed48
P 0xf69f78
C 10
R
P 0xf5ed48
P 0xf69e98
C 10
R
P 0xf5ed48
P 0xf68ef8
C 10
R
P 0xf5ed48
P 0xf6a0d8
C 10
R
P 0xf5ed48
P 0xf69f78
C 10
R
P 0xf5ed48
P 0xf70250
C 10
R
P 0xf5ed48
P 0x17abec8
C 10
R
P 0xf5ed48
P 0xf700c8
C 10
R
P 0xf5ed48
P 0xf6d758
C 10
R
P 0xf5ed48
P 0xf6b7d8
C 10
R
P 0xf5ed48
P 0xf6b838
C 10
R
P 0xf5ed48
P 0xf6b898
C 10
R
P 0xf5ed48
P 0xf6b778
C 10
R
P 0xf5ed48
P 0xf6fc30
C 10
R
P 0xf5ed48
P 0xf69e98
C 10
R
P 0xf5ed48
P 0xf69eb8
C 10
R
P 0xf5ed48
P 0xf69ed8
C 10
R
P 0xf5ed48
P 0xf69ef8
C 10
R
P 0xf5ed48
P 0xf69f18
C 10
R
P 0xf5ed48
P 0xf69f38
C 10
R
P 0xf5ed48
P 0xf69f58
C 10
R
P 0xf5ed48
P 0xf6fbf8
C 10
R
P 0xf5ed48
P 0xf6fc68
C 10
R
P 0xf5ed48
P 0xf6fcd8
C 10
R
P 0xf5ed48
P 0xf6fdb8
C 10
R
P 0xf5ed48
P 0x17afbf8
C 10
R
P 0xf5ed48
P 0xf6bc58
C 10
R
P 0xf5ed48
P 0xf6df18
C 10
R
P 0xf5ed48
P 0xf6ff08
C 10
R
P 0xf5ed48
P 0xf6de58
C 10
R
P 0xf5ed48
P 0x11b6168
C 471
